{"C:\\Users\\snipa\\revature\\git\\revBasicAPI\\rev-Basic-API\\app.js": {"path":"C:\\Users\\snipa\\revature\\git\\revBasicAPI\\rev-Basic-API\\app.js","statementMap":{"0":{"start":{"line":2,"column":20},"end":{"line":5,"column":82}},"1":{"start":{"line":8,"column":44},"end":{"line":8,"column":62}},"2":{"start":{"line":11,"column":15},"end":{"line":23,"column":2}},"3":{"start":{"line":16,"column":12},"end":{"line":16,"column":57}},"4":{"start":{"line":26,"column":13},"end":{"line":26,"column":28}},"5":{"start":{"line":27,"column":12},"end":{"line":27,"column":31}},"6":{"start":{"line":29,"column":13},"end":{"line":29,"column":17}},"7":{"start":{"line":31,"column":15},"end":{"line":91,"column":2}},"8":{"start":{"line":33,"column":4},"end":{"line":90,"column":5}},"9":{"start":{"line":34,"column":8},"end":{"line":34,"column":48}},"10":{"start":{"line":35,"column":8},"end":{"line":35,"column":67}},"11":{"start":{"line":36,"column":8},"end":{"line":36,"column":45}},"12":{"start":{"line":39,"column":10},"end":{"line":90,"column":5}},"13":{"start":{"line":40,"column":8},"end":{"line":40,"column":66}},"14":{"start":{"line":41,"column":19},"end":{"line":41,"column":21}},"15":{"start":{"line":42,"column":8},"end":{"line":44,"column":11}},"16":{"start":{"line":43,"column":12},"end":{"line":43,"column":26}},"17":{"start":{"line":45,"column":8},"end":{"line":51,"column":10}},"18":{"start":{"line":46,"column":28},"end":{"line":46,"column":44}},"19":{"start":{"line":47,"column":12},"end":{"line":47,"column":38}},"20":{"start":{"line":48,"column":12},"end":{"line":48,"column":66}},"21":{"start":{"line":49,"column":12},"end":{"line":49,"column":70}},"22":{"start":{"line":50,"column":12},"end":{"line":50,"column":86}},"23":{"start":{"line":54,"column":10},"end":{"line":90,"column":5}},"24":{"start":{"line":55,"column":8},"end":{"line":55,"column":66}},"25":{"start":{"line":57,"column":19},"end":{"line":57,"column":43}},"26":{"start":{"line":59,"column":22},"end":{"line":59,"column":28}},"27":{"start":{"line":60,"column":19},"end":{"line":60,"column":21}},"28":{"start":{"line":61,"column":8},"end":{"line":63,"column":11}},"29":{"start":{"line":62,"column":12},"end":{"line":62,"column":26}},"30":{"start":{"line":64,"column":8},"end":{"line":71,"column":11}},"31":{"start":{"line":65,"column":32},"end":{"line":65,"column":48}},"32":{"start":{"line":67,"column":12},"end":{"line":67,"column":72}},"33":{"start":{"line":68,"column":12},"end":{"line":68,"column":45}},"34":{"start":{"line":69,"column":12},"end":{"line":69,"column":70}},"35":{"start":{"line":70,"column":12},"end":{"line":70,"column":77}},"36":{"start":{"line":74,"column":10},"end":{"line":90,"column":5}},"37":{"start":{"line":76,"column":19},"end":{"line":76,"column":43}},"38":{"start":{"line":78,"column":22},"end":{"line":78,"column":28}},"39":{"start":{"line":80,"column":28},"end":{"line":80,"column":46}},"40":{"start":{"line":81,"column":8},"end":{"line":81,"column":49}},"41":{"start":{"line":82,"column":8},"end":{"line":82,"column":68}},"42":{"start":{"line":83,"column":8},"end":{"line":83,"column":65}},"43":{"start":{"line":84,"column":8},"end":{"line":84,"column":72}},"44":{"start":{"line":87,"column":8},"end":{"line":87,"column":40}},"45":{"start":{"line":88,"column":8},"end":{"line":88,"column":60}},"46":{"start":{"line":89,"column":8},"end":{"line":89,"column":29}},"47":{"start":{"line":93,"column":0},"end":{"line":95,"column":3}},"48":{"start":{"line":94,"column":4},"end":{"line":94,"column":64}},"49":{"start":{"line":98,"column":0},"end":{"line":104,"column":2}},"50":{"start":{"line":99,"column":4},"end":{"line":99,"column":47}},"51":{"start":{"line":100,"column":4},"end":{"line":100,"column":19}},"52":{"start":{"line":101,"column":4},"end":{"line":103,"column":6}},"53":{"start":{"line":102,"column":8},"end":{"line":102,"column":24}},"54":{"start":{"line":106,"column":0},"end":{"line":106,"column":24}}},"fnMap":{"0":{"name":"(anonymous_0)","decl":{"start":{"line":15,"column":22},"end":{"line":15,"column":23}},"loc":{"start":{"line":15,"column":55},"end":{"line":17,"column":9}},"line":15},"1":{"name":"(anonymous_1)","decl":{"start":{"line":31,"column":33},"end":{"line":31,"column":34}},"loc":{"start":{"line":31,"column":47},"end":{"line":91,"column":1}},"line":31},"2":{"name":"(anonymous_2)","decl":{"start":{"line":42,"column":23},"end":{"line":42,"column":24}},"loc":{"start":{"line":42,"column":34},"end":{"line":44,"column":9}},"line":42},"3":{"name":"(anonymous_3)","decl":{"start":{"line":45,"column":22},"end":{"line":45,"column":23}},"loc":{"start":{"line":45,"column":28},"end":{"line":51,"column":9}},"line":45},"4":{"name":"(anonymous_4)","decl":{"start":{"line":61,"column":23},"end":{"line":61,"column":24}},"loc":{"start":{"line":61,"column":33},"end":{"line":63,"column":9}},"line":61},"5":{"name":"(anonymous_5)","decl":{"start":{"line":64,"column":22},"end":{"line":64,"column":23}},"loc":{"start":{"line":64,"column":28},"end":{"line":71,"column":9}},"line":64},"6":{"name":"(anonymous_6)","decl":{"start":{"line":93,"column":20},"end":{"line":93,"column":21}},"loc":{"start":{"line":93,"column":26},"end":{"line":95,"column":1}},"line":93},"7":{"name":"(anonymous_7)","decl":{"start":{"line":98,"column":32},"end":{"line":98,"column":33}},"loc":{"start":{"line":98,"column":43},"end":{"line":104,"column":1}},"line":98},"8":{"name":"(anonymous_8)","decl":{"start":{"line":101,"column":24},"end":{"line":101,"column":25}},"loc":{"start":{"line":101,"column":30},"end":{"line":103,"column":5}},"line":101}},"branchMap":{"0":{"loc":{"start":{"line":33,"column":4},"end":{"line":90,"column":5}},"type":"if","locations":[{"start":{"line":33,"column":4},"end":{"line":90,"column":5}},{"start":{"line":39,"column":10},"end":{"line":90,"column":5}}],"line":33},"1":{"loc":{"start":{"line":33,"column":7},"end":{"line":33,"column":61}},"type":"binary-expr","locations":[{"start":{"line":33,"column":7},"end":{"line":33,"column":27}},{"start":{"line":33,"column":31},"end":{"line":33,"column":61}}],"line":33},"2":{"loc":{"start":{"line":39,"column":10},"end":{"line":90,"column":5}},"type":"if","locations":[{"start":{"line":39,"column":10},"end":{"line":90,"column":5}},{"start":{"line":54,"column":10},"end":{"line":90,"column":5}}],"line":39},"3":{"loc":{"start":{"line":39,"column":13},"end":{"line":39,"column":64}},"type":"binary-expr","locations":[{"start":{"line":39,"column":13},"end":{"line":39,"column":34}},{"start":{"line":39,"column":38},"end":{"line":39,"column":64}}],"line":39},"4":{"loc":{"start":{"line":54,"column":10},"end":{"line":90,"column":5}},"type":"if","locations":[{"start":{"line":54,"column":10},"end":{"line":90,"column":5}},{"start":{"line":74,"column":10},"end":{"line":90,"column":5}}],"line":54},"5":{"loc":{"start":{"line":74,"column":10},"end":{"line":90,"column":5}},"type":"if","locations":[{"start":{"line":74,"column":10},"end":{"line":90,"column":5}},{"start":{"line":85,"column":9},"end":{"line":90,"column":5}}],"line":74}},"s":{"0":1,"1":1,"2":1,"3":5,"4":1,"5":1,"6":1,"7":1,"8":5,"9":1,"10":1,"11":1,"12":4,"13":1,"14":1,"15":1,"16":1,"17":1,"18":1,"19":1,"20":1,"21":1,"22":1,"23":3,"24":1,"25":1,"26":1,"27":1,"28":1,"29":1,"30":1,"31":1,"32":1,"33":1,"34":1,"35":1,"36":2,"37":1,"38":1,"39":1,"40":1,"41":1,"42":1,"43":1,"44":1,"45":1,"46":1,"47":1,"48":1,"49":1,"50":0,"51":0,"52":0,"53":0,"54":1},"f":{"0":5,"1":5,"2":1,"3":1,"4":1,"5":1,"6":1,"7":0,"8":0},"b":{"0":[1,4],"1":[5,2],"2":[1,3],"3":[4,1],"4":[1,2],"5":[1,1]},"_coverageSchema":"1a1c01bbd47fc00a2c39e90264f33305004495a9","hash":"0d3d73fb8ef20d60c4784fe89e8882517cf45c16"}
}
