{"C:\\Users\\snipa\\revature\\git\\revBasicAPI\\rev-Basic-API\\app.js": {"path":"C:\\Users\\snipa\\revature\\git\\revBasicAPI\\rev-Basic-API\\app.js","statementMap":{"0":{"start":{"line":2,"column":20},"end":{"line":5,"column":82}},"1":{"start":{"line":8,"column":49},"end":{"line":8,"column":67}},"2":{"start":{"line":11,"column":15},"end":{"line":23,"column":2}},"3":{"start":{"line":16,"column":12},"end":{"line":16,"column":57}},"4":{"start":{"line":26,"column":13},"end":{"line":26,"column":28}},"5":{"start":{"line":27,"column":12},"end":{"line":27,"column":31}},"6":{"start":{"line":29,"column":13},"end":{"line":29,"column":17}},"7":{"start":{"line":31,"column":15},"end":{"line":89,"column":2}},"8":{"start":{"line":33,"column":4},"end":{"line":88,"column":5}},"9":{"start":{"line":34,"column":8},"end":{"line":34,"column":48}},"10":{"start":{"line":35,"column":8},"end":{"line":35,"column":67}},"11":{"start":{"line":36,"column":8},"end":{"line":36,"column":37}},"12":{"start":{"line":39,"column":10},"end":{"line":88,"column":5}},"13":{"start":{"line":40,"column":8},"end":{"line":40,"column":66}},"14":{"start":{"line":41,"column":19},"end":{"line":41,"column":21}},"15":{"start":{"line":42,"column":8},"end":{"line":44,"column":11}},"16":{"start":{"line":43,"column":12},"end":{"line":43,"column":26}},"17":{"start":{"line":45,"column":8},"end":{"line":51,"column":10}},"18":{"start":{"line":46,"column":28},"end":{"line":46,"column":54}},"19":{"start":{"line":48,"column":12},"end":{"line":48,"column":66}},"20":{"start":{"line":49,"column":12},"end":{"line":49,"column":70}},"21":{"start":{"line":50,"column":12},"end":{"line":50,"column":86}},"22":{"start":{"line":54,"column":10},"end":{"line":88,"column":5}},"23":{"start":{"line":55,"column":8},"end":{"line":55,"column":66}},"24":{"start":{"line":57,"column":19},"end":{"line":57,"column":43}},"25":{"start":{"line":59,"column":22},"end":{"line":59,"column":28}},"26":{"start":{"line":60,"column":19},"end":{"line":60,"column":21}},"27":{"start":{"line":61,"column":8},"end":{"line":63,"column":11}},"28":{"start":{"line":62,"column":12},"end":{"line":62,"column":26}},"29":{"start":{"line":64,"column":8},"end":{"line":70,"column":11}},"30":{"start":{"line":66,"column":32},"end":{"line":66,"column":66}},"31":{"start":{"line":67,"column":12},"end":{"line":67,"column":72}},"32":{"start":{"line":68,"column":12},"end":{"line":68,"column":70}},"33":{"start":{"line":69,"column":12},"end":{"line":69,"column":77}},"34":{"start":{"line":73,"column":10},"end":{"line":88,"column":5}},"35":{"start":{"line":75,"column":19},"end":{"line":75,"column":43}},"36":{"start":{"line":77,"column":22},"end":{"line":77,"column":28}},"37":{"start":{"line":79,"column":28},"end":{"line":79,"column":51}},"38":{"start":{"line":80,"column":8},"end":{"line":80,"column":68}},"39":{"start":{"line":81,"column":8},"end":{"line":81,"column":65}},"40":{"start":{"line":82,"column":8},"end":{"line":82,"column":72}},"41":{"start":{"line":85,"column":8},"end":{"line":85,"column":40}},"42":{"start":{"line":86,"column":8},"end":{"line":86,"column":60}},"43":{"start":{"line":87,"column":8},"end":{"line":87,"column":29}},"44":{"start":{"line":92,"column":4},"end":{"line":92,"column":32}},"45":{"start":{"line":96,"column":4},"end":{"line":96,"column":20}},"46":{"start":{"line":97,"column":4},"end":{"line":97,"column":16}},"47":{"start":{"line":101,"column":4},"end":{"line":101,"column":23}},"48":{"start":{"line":102,"column":4},"end":{"line":102,"column":23}},"49":{"start":{"line":106,"column":24},"end":{"line":106,"column":48}},"50":{"start":{"line":107,"column":4},"end":{"line":107,"column":26}},"51":{"start":{"line":108,"column":4},"end":{"line":108,"column":23}},"52":{"start":{"line":111,"column":0},"end":{"line":113,"column":3}},"53":{"start":{"line":112,"column":4},"end":{"line":112,"column":64}},"54":{"start":{"line":115,"column":0},"end":{"line":121,"column":2}},"55":{"start":{"line":116,"column":4},"end":{"line":116,"column":47}},"56":{"start":{"line":117,"column":4},"end":{"line":117,"column":19}},"57":{"start":{"line":118,"column":4},"end":{"line":120,"column":6}},"58":{"start":{"line":119,"column":8},"end":{"line":119,"column":24}},"59":{"start":{"line":124,"column":0},"end":{"line":124,"column":68}}},"fnMap":{"0":{"name":"(anonymous_0)","decl":{"start":{"line":15,"column":22},"end":{"line":15,"column":23}},"loc":{"start":{"line":15,"column":55},"end":{"line":17,"column":9}},"line":15},"1":{"name":"(anonymous_1)","decl":{"start":{"line":31,"column":33},"end":{"line":31,"column":34}},"loc":{"start":{"line":31,"column":47},"end":{"line":89,"column":1}},"line":31},"2":{"name":"(anonymous_2)","decl":{"start":{"line":42,"column":23},"end":{"line":42,"column":24}},"loc":{"start":{"line":42,"column":34},"end":{"line":44,"column":9}},"line":42},"3":{"name":"(anonymous_3)","decl":{"start":{"line":45,"column":22},"end":{"line":45,"column":23}},"loc":{"start":{"line":45,"column":28},"end":{"line":51,"column":9}},"line":45},"4":{"name":"(anonymous_4)","decl":{"start":{"line":61,"column":23},"end":{"line":61,"column":24}},"loc":{"start":{"line":61,"column":33},"end":{"line":63,"column":9}},"line":61},"5":{"name":"(anonymous_5)","decl":{"start":{"line":64,"column":22},"end":{"line":64,"column":23}},"loc":{"start":{"line":64,"column":28},"end":{"line":70,"column":9}},"line":64},"6":{"name":"returnGroceryList","decl":{"start":{"line":91,"column":9},"end":{"line":91,"column":26}},"loc":{"start":{"line":91,"column":32},"end":{"line":93,"column":1}},"line":91},"7":{"name":"addItem","decl":{"start":{"line":95,"column":9},"end":{"line":95,"column":16}},"loc":{"start":{"line":95,"column":28},"end":{"line":98,"column":1}},"line":95},"8":{"name":"editItem","decl":{"start":{"line":100,"column":9},"end":{"line":100,"column":17}},"loc":{"start":{"line":100,"column":36},"end":{"line":103,"column":1}},"line":100},"9":{"name":"deleteItem","decl":{"start":{"line":105,"column":9},"end":{"line":105,"column":19}},"loc":{"start":{"line":105,"column":32},"end":{"line":109,"column":1}},"line":105},"10":{"name":"(anonymous_10)","decl":{"start":{"line":111,"column":20},"end":{"line":111,"column":21}},"loc":{"start":{"line":111,"column":26},"end":{"line":113,"column":1}},"line":111},"11":{"name":"(anonymous_11)","decl":{"start":{"line":115,"column":32},"end":{"line":115,"column":33}},"loc":{"start":{"line":115,"column":43},"end":{"line":121,"column":1}},"line":115},"12":{"name":"(anonymous_12)","decl":{"start":{"line":118,"column":24},"end":{"line":118,"column":25}},"loc":{"start":{"line":118,"column":30},"end":{"line":120,"column":5}},"line":118}},"branchMap":{"0":{"loc":{"start":{"line":33,"column":4},"end":{"line":88,"column":5}},"type":"if","locations":[{"start":{"line":33,"column":4},"end":{"line":88,"column":5}},{"start":{"line":39,"column":10},"end":{"line":88,"column":5}}],"line":33},"1":{"loc":{"start":{"line":33,"column":7},"end":{"line":33,"column":61}},"type":"binary-expr","locations":[{"start":{"line":33,"column":7},"end":{"line":33,"column":27}},{"start":{"line":33,"column":31},"end":{"line":33,"column":61}}],"line":33},"2":{"loc":{"start":{"line":39,"column":10},"end":{"line":88,"column":5}},"type":"if","locations":[{"start":{"line":39,"column":10},"end":{"line":88,"column":5}},{"start":{"line":54,"column":10},"end":{"line":88,"column":5}}],"line":39},"3":{"loc":{"start":{"line":39,"column":13},"end":{"line":39,"column":64}},"type":"binary-expr","locations":[{"start":{"line":39,"column":13},"end":{"line":39,"column":34}},{"start":{"line":39,"column":38},"end":{"line":39,"column":64}}],"line":39},"4":{"loc":{"start":{"line":54,"column":10},"end":{"line":88,"column":5}},"type":"if","locations":[{"start":{"line":54,"column":10},"end":{"line":88,"column":5}},{"start":{"line":73,"column":10},"end":{"line":88,"column":5}}],"line":54},"5":{"loc":{"start":{"line":73,"column":10},"end":{"line":88,"column":5}},"type":"if","locations":[{"start":{"line":73,"column":10},"end":{"line":88,"column":5}},{"start":{"line":83,"column":9},"end":{"line":88,"column":5}}],"line":73}},"s":{"0":1,"1":1,"2":1,"3":0,"4":1,"5":1,"6":1,"7":1,"8":0,"9":0,"10":0,"11":0,"12":0,"13":0,"14":0,"15":0,"16":0,"17":0,"18":0,"19":0,"20":0,"21":0,"22":0,"23":0,"24":0,"25":0,"26":0,"27":0,"28":0,"29":0,"30":0,"31":0,"32":0,"33":0,"34":0,"35":0,"36":0,"37":0,"38":0,"39":0,"40":0,"41":0,"42":0,"43":0,"44":1,"45":1,"46":1,"47":1,"48":1,"49":1,"50":1,"51":1,"52":1,"53":0,"54":1,"55":0,"56":0,"57":0,"58":0,"59":1},"f":{"0":0,"1":0,"2":0,"3":0,"4":0,"5":0,"6":1,"7":1,"8":1,"9":1,"10":0,"11":0,"12":0},"b":{"0":[0,0],"1":[0,0],"2":[0,0],"3":[0,0],"4":[0,0],"5":[0,0]},"_coverageSchema":"1a1c01bbd47fc00a2c39e90264f33305004495a9","hash":"8d3bd279e8e8ba0b8da84ad6162d10a4a8d3588c"}
}
