TN:
SF:app.js
FN:15,(anonymous_0)
FN:31,(anonymous_1)
FN:42,(anonymous_2)
FN:45,(anonymous_3)
FN:61,(anonymous_4)
FN:64,(anonymous_5)
FN:93,(anonymous_6)
FN:98,(anonymous_7)
FN:101,(anonymous_8)
FNF:9
FNH:7
FNDA:5,(anonymous_0)
FNDA:5,(anonymous_1)
FNDA:1,(anonymous_2)
FNDA:1,(anonymous_3)
FNDA:1,(anonymous_4)
FNDA:1,(anonymous_5)
FNDA:1,(anonymous_6)
FNDA:0,(anonymous_7)
FNDA:0,(anonymous_8)
DA:2,1
DA:8,1
DA:11,1
DA:16,5
DA:26,1
DA:27,1
DA:29,1
DA:31,1
DA:33,5
DA:34,1
DA:35,1
DA:36,1
DA:39,4
DA:40,1
DA:41,1
DA:42,1
DA:43,1
DA:45,1
DA:46,1
DA:47,1
DA:48,1
DA:49,1
DA:50,1
DA:54,3
DA:55,1
DA:57,1
DA:59,1
DA:60,1
DA:61,1
DA:62,1
DA:64,1
DA:65,1
DA:67,1
DA:68,1
DA:69,1
DA:70,1
DA:74,2
DA:76,1
DA:78,1
DA:80,1
DA:81,1
DA:82,1
DA:83,1
DA:84,1
DA:87,1
DA:88,1
DA:89,1
DA:93,1
DA:94,1
DA:98,1
DA:99,0
DA:100,0
DA:101,0
DA:102,0
DA:106,1
LF:55
LH:51
BRDA:33,0,0,1
BRDA:33,0,1,4
BRDA:33,1,0,5
BRDA:33,1,1,2
BRDA:39,2,0,1
BRDA:39,2,1,3
BRDA:39,3,0,4
BRDA:39,3,1,1
BRDA:54,4,0,1
BRDA:54,4,1,2
BRDA:74,5,0,1
BRDA:74,5,1,1
BRF:12
BRH:12
end_of_record
