TN:
SF:app.js
FN:15,(anonymous_0)
FN:31,(anonymous_1)
FN:42,(anonymous_2)
FN:45,(anonymous_3)
FN:61,(anonymous_4)
FN:64,(anonymous_5)
FN:91,returnGroceryList
FN:95,addItem
FN:100,editItem
FN:105,deleteItem
FN:111,(anonymous_10)
FN:115,(anonymous_11)
FN:118,(anonymous_12)
FNF:13
FNH:4
FNDA:0,(anonymous_0)
FNDA:0,(anonymous_1)
FNDA:0,(anonymous_2)
FNDA:0,(anonymous_3)
FNDA:0,(anonymous_4)
FNDA:0,(anonymous_5)
FNDA:1,returnGroceryList
FNDA:1,addItem
FNDA:1,editItem
FNDA:1,deleteItem
FNDA:0,(anonymous_10)
FNDA:0,(anonymous_11)
FNDA:0,(anonymous_12)
DA:2,1
DA:8,1
DA:11,1
DA:16,0
DA:26,1
DA:27,1
DA:29,1
DA:31,1
DA:33,0
DA:34,0
DA:35,0
DA:36,0
DA:39,0
DA:40,0
DA:41,0
DA:42,0
DA:43,0
DA:45,0
DA:46,0
DA:48,0
DA:49,0
DA:50,0
DA:54,0
DA:55,0
DA:57,0
DA:59,0
DA:60,0
DA:61,0
DA:62,0
DA:64,0
DA:66,0
DA:67,0
DA:68,0
DA:69,0
DA:73,0
DA:75,0
DA:77,0
DA:79,0
DA:80,0
DA:81,0
DA:82,0
DA:85,0
DA:86,0
DA:87,0
DA:92,1
DA:96,1
DA:97,1
DA:101,1
DA:102,1
DA:106,1
DA:107,1
DA:108,1
DA:111,1
DA:112,0
DA:115,1
DA:116,0
DA:117,0
DA:118,0
DA:119,0
DA:124,1
LF:60
LH:18
BRDA:33,0,0,0
BRDA:33,0,1,0
BRDA:33,1,0,0
BRDA:33,1,1,0
BRDA:39,2,0,0
BRDA:39,2,1,0
BRDA:39,3,0,0
BRDA:39,3,1,0
BRDA:54,4,0,0
BRDA:54,4,1,0
BRDA:73,5,0,0
BRDA:73,5,1,0
BRF:12
BRH:0
end_of_record
